Using pre-set license
Built from '2021.3/staging' branch; Version is '2021.3.1f1 (3b70a0754835) revision 3895456'; Using compiler version '192829333'; Build Type 'Release'
OS: 'Windows 10  (10.0.19045) 64bit Professional' Language: 'ja' Physical Memory: 32585 MB
BatchMode: 1, IsHumanControllingUs: 0, StartBugReporterOnCrash: 0, Is64bit: 1, IsPro: 1

COMMAND LINE ARGUMENTS:
C:\Program Files\Unity\Hub\Editor\2021.3.1f1\Editor\Unity.exe
-adb2
-batchMode
-noUpm
-name
AssetImportWorker4
-projectPath
C:/Users/katsu/OneDrive/ドキュメント/GitHub/ChariChari
-logFile
Logs/AssetImportWorker4.log
-srvPort
62018
Successfully changed project path to: C:/Users/katsu/OneDrive/ドキュメント/GitHub/ChariChari
C:/Users/katsu/OneDrive/ドキュメント/GitHub/ChariChari
[UnityMemory] Configuration Parameters - Can be set up in boot.config
    "memorysetup-bucket-allocator-granularity=16"
    "memorysetup-bucket-allocator-bucket-count=8"
    "memorysetup-bucket-allocator-block-size=33554432"
    "memorysetup-bucket-allocator-block-count=8"
    "memorysetup-main-allocator-block-size=16777216"
    "memorysetup-thread-allocator-block-size=16777216"
    "memorysetup-gfx-main-allocator-block-size=16777216"
    "memorysetup-gfx-thread-allocator-block-size=16777216"
    "memorysetup-cache-allocator-block-size=4194304"
    "memorysetup-typetree-allocator-block-size=2097152"
    "memorysetup-profiler-bucket-allocator-granularity=16"
    "memorysetup-profiler-bucket-allocator-bucket-count=8"
    "memorysetup-profiler-bucket-allocator-block-size=33554432"
    "memorysetup-profiler-bucket-allocator-block-count=8"
    "memorysetup-profiler-allocator-block-size=16777216"
    "memorysetup-profiler-editor-allocator-block-size=1048576"
    "memorysetup-temp-allocator-size-main=16777216"
    "memorysetup-job-temp-allocator-block-size=2097152"
    "memorysetup-job-temp-allocator-block-size-background=1048576"
    "memorysetup-job-temp-allocator-reduction-small-platforms=262144"
    "memorysetup-temp-allocator-size-background-worker=32768"
    "memorysetup-temp-allocator-size-job-worker=262144"
    "memorysetup-temp-allocator-size-preload-manager=33554432"
    "memorysetup-temp-allocator-size-nav-mesh-worker=65536"
    "memorysetup-temp-allocator-size-audio-worker=65536"
    "memorysetup-temp-allocator-size-cloud-worker=32768"
    "memorysetup-temp-allocator-size-gi-baking-worker=262144"
    "memorysetup-temp-allocator-size-gfx=262144"
Refreshing native plugins compatible for Editor in 131.53 ms, found 4 plugins.
Preloading 0 native plugins for Editor in 0.00 ms.
Initialize engine version: 2021.3.1f1 (3b70a0754835)
[Subsystems] Discovering subsystems at path C:/Program Files/Unity/Hub/Editor/2021.3.1f1/Editor/Data/Resources/UnitySubsystems
[Subsystems] Discovering subsystems at path C:/Users/katsu/OneDrive/ドキュメント/GitHub/ChariChari/Assets
GfxDevice: creating device client; threaded=0; jobified=0
Direct3D:
    Version:  Direct3D 11.0 [level 11.1]
    Renderer: NVIDIA GeForce RTX 3070 Laptop GPU (ID=0x249d)
    Vendor:   NVIDIA
    VRAM:     8044 MB
    Driver:   30.0.14.9717
Initialize mono
Mono path[0] = 'C:/Program Files/Unity/Hub/Editor/2021.3.1f1/Editor/Data/Managed'
Mono path[1] = 'C:/Program Files/Unity/Hub/Editor/2021.3.1f1/Editor/Data/MonoBleedingEdge/lib/mono/unityjit-win32'
Mono config path = 'C:/Program Files/Unity/Hub/Editor/2021.3.1f1/Editor/Data/MonoBleedingEdge/etc'
Using monoOptions --debugger-agent=transport=dt_socket,embedding=1,server=y,suspend=n,address=127.0.0.1:56452
Begin MonoManager ReloadAssembly
Registering precompiled unity dll's ...
Register platform support module: C:/Program Files/Unity/Hub/Editor/2021.3.1f1/Editor/Data/PlaybackEngines/AndroidPlayer/UnityEditor.Android.Extensions.dll
Register platform support module: C:/Program Files/Unity/Hub/Editor/2021.3.1f1/Editor/Data/PlaybackEngines/WindowsStandaloneSupport/UnityEditor.WindowsStandalone.Extensions.dll
Registered in 0.014741 seconds.
Native extension for WindowsStandalone target not found
Native extension for Android target not found
Refreshing native plugins compatible for Editor in 87.21 ms, found 4 plugins.
Preloading 0 native plugins for Editor in 0.00 ms.
Mono: successfully reloaded assembly
- Completed reload, in  0.735 seconds
Domain Reload Profiling:
	ReloadAssembly (736ms)
		BeginReloadAssembly (114ms)
			ExecutionOrderSort (0ms)
			DisableScriptedObjects (0ms)
			BackupInstance (0ms)
			ReleaseScriptingObjects (0ms)
			CreateAndSetChildDomain (1ms)
		EndReloadAssembly (487ms)
			LoadAssemblies (111ms)
			RebuildTransferFunctionScriptingTraits (0ms)
			SetupTypeCache (113ms)
			ReleaseScriptCaches (0ms)
			RebuildScriptCaches (27ms)
			SetupLoadedEditorAssemblies (293ms)
				LogAssemblyErrors (0ms)
				InitializePlatformSupportModulesInManaged (57ms)
				SetLoadedEditorAssemblies (0ms)
				RefreshPlugins (87ms)
				BeforeProcessingInitializeOnLoad (1ms)
				ProcessInitializeOnLoadAttributes (102ms)
				ProcessInitializeOnLoadMethodAttributes (46ms)
				AfterProcessingInitializeOnLoad (0ms)
				EditorAssembliesLoaded (0ms)
			ExecutionOrderSort2 (0ms)
			AwakeInstancesAfterBackupRestoration (0ms)
Platform modules already initialized, skipping
Registering precompiled user dll's ...
Registered in 0.010725 seconds.
Begin MonoManager ReloadAssembly
Symbol file LoadedFromMemory doesn't match image C:\Users\katsu\OneDrive\ドキュメント\GitHub\ChariChari\Library\PackageCache\com.unity.visualscripting@1.7.6\Editor\VisualScripting.Core\Dependencies\YamlDotNet\Unity.VisualScripting.YamlDotNet.dll
Symbol file LoadedFromMemory is not a mono symbol file
Symbol file LoadedFromMemory doesn't match image C:\Users\katsu\OneDrive\ドキュメント\GitHub\ChariChari\Library\PackageCache\com.unity.visualscripting@1.7.6\Editor\VisualScripting.Core\Dependencies\DotNetZip\Unity.VisualScripting.IonicZip.dll
Native extension for WindowsStandalone target not found
Native extension for Android target not found
Refreshing native plugins compatible for Editor in 87.74 ms, found 4 plugins.
Preloading 0 native plugins for Editor in 0.00 ms.
Mono: successfully reloaded assembly
- Completed reload, in  1.340 seconds
Domain Reload Profiling:
	ReloadAssembly (1341ms)
		BeginReloadAssembly (234ms)
			ExecutionOrderSort (0ms)
			DisableScriptedObjects (5ms)
			BackupInstance (0ms)
			ReleaseScriptingObjects (0ms)
			CreateAndSetChildDomain (135ms)
		EndReloadAssembly (979ms)
			LoadAssemblies (137ms)
			RebuildTransferFunctionScriptingTraits (0ms)
			SetupTypeCache (239ms)
			ReleaseScriptCaches (1ms)
			RebuildScriptCaches (55ms)
			SetupLoadedEditorAssemblies (501ms)
				LogAssemblyErrors (0ms)
				InitializePlatformSupportModulesInManaged (17ms)
				SetLoadedEditorAssemblies (0ms)
				RefreshPlugins (88ms)
				BeforeProcessingInitializeOnLoad (104ms)
				ProcessInitializeOnLoadAttributes (210ms)
				ProcessInitializeOnLoadMethodAttributes (69ms)
				AfterProcessingInitializeOnLoad (13ms)
				EditorAssembliesLoaded (0ms)
			ExecutionOrderSort2 (0ms)
			AwakeInstancesAfterBackupRestoration (6ms)
Platform modules already initialized, skipping
========================================================================
Worker process is ready to serve import requests
Launched and connected shader compiler UnityShaderCompiler.exe after 0.05 seconds
Refreshing native plugins compatible for Editor in 0.74 ms, found 4 plugins.
Preloading 0 native plugins for Editor in 0.00 ms.
Unloading 3928 Unused Serialized files (Serialized files now loaded: 0)
Unloading 34 unused Assets / (55.6 KB). Loaded Objects now: 4391.
Memory consumption went from 152.0 MB to 152.0 MB.
Total: 4.033700 ms (FindLiveObjects: 0.416800 ms CreateObjectMapping: 0.395900 ms MarkObjects: 3.062900 ms  DeleteObjects: 0.157000 ms)

AssetImportParameters requested are different than current active one (requested -> active):
  custom:video-decoder-ogg-theora: a1e56fd34408186e4bbccfd4996cb3dc -> 
  custom:container-muxer-webm: aa71ff27fc2769a1b78a27578f13a17b -> 
  custom:container-demuxer-webm: 4f35f7cbe854078d1ac9338744f61a02 -> 
  custom:video-encoder-webm-vp8: eb34c28f22e8b96e1ab97ce403110664 -> 
  custom:audio-encoder-webm-vorbis: bf7c407c2cedff20999df2af8eb42d56 -> 
  custom:framework-win-MediaFoundation: 216162199b28c13a410421893ffa2e32 -> 
  custom:container-demuxer-ogg: 62fdf1f143b41e24485cea50d1cbac27 -> 
  custom:video-decoder-webm-vp8: 9c59270c3fd7afecdb556c50c9e8de78 -> 
  custom:audio-decoder-ogg-vorbis: bf7c407c2cedff20999df2af8eb42d56 -> 
========================================================================
Received Import Request.
  Time since last request: 140423.900971 seconds.
  path: Assets/Natuki/Enemy.prefab
  artifactKey: Guid(dfa4d3a7ca5f1d64f867074c26b39f91) Importer(815301076,1909f56bfc062723c751e8b465ee728b)
Start importing Assets/Natuki/Enemy.prefab using Guid(dfa4d3a7ca5f1d64f867074c26b39f91) Importer(815301076,1909f56bfc062723c751e8b465ee728b)  -> (artifact id: 'ca4c7eb22436a5d5b770d59f52303744') in 0.111311 seconds 
========================================================================
Received Import Request.
  Time since last request: 21.269913 seconds.
  path: Assets/Natuki/Enemy.prefab
  artifactKey: Guid(dfa4d3a7ca5f1d64f867074c26b39f91) Importer(815301076,1909f56bfc062723c751e8b465ee728b)
Start importing Assets/Natuki/Enemy.prefab using Guid(dfa4d3a7ca5f1d64f867074c26b39f91) Importer(815301076,1909f56bfc062723c751e8b465ee728b)  -> (artifact id: '167c5a2209bc4b978f3038f92cdbbed0') in 0.012529 seconds 
========================================================================
Received Import Request.
  Time since last request: 5.012369 seconds.
  path: Assets/Natuki/Enemy.prefab
  artifactKey: Guid(dfa4d3a7ca5f1d64f867074c26b39f91) Importer(815301076,1909f56bfc062723c751e8b465ee728b)
Start importing Assets/Natuki/Enemy.prefab using Guid(dfa4d3a7ca5f1d64f867074c26b39f91) Importer(815301076,1909f56bfc062723c751e8b465ee728b)  -> (artifact id: '8cd9c9d1aff123b35358b7dbbc19c78f') in 0.013370 seconds 
========================================================================
Received Import Request.
  Time since last request: 5.631137 seconds.
  path: Assets/Natuki/Enemy.prefab
  artifactKey: Guid(dfa4d3a7ca5f1d64f867074c26b39f91) Importer(815301076,1909f56bfc062723c751e8b465ee728b)
Start importing Assets/Natuki/Enemy.prefab using Guid(dfa4d3a7ca5f1d64f867074c26b39f91) Importer(815301076,1909f56bfc062723c751e8b465ee728b)  -> (artifact id: '84eb8025e80a8ad4299725c35a99cbf3') in 0.013046 seconds 
========================================================================
Received Import Request.
  Time since last request: 3.817454 seconds.
  path: Assets/Natuki/Enemy.prefab
  artifactKey: Guid(dfa4d3a7ca5f1d64f867074c26b39f91) Importer(815301076,1909f56bfc062723c751e8b465ee728b)
Start importing Assets/Natuki/Enemy.prefab using Guid(dfa4d3a7ca5f1d64f867074c26b39f91) Importer(815301076,1909f56bfc062723c751e8b465ee728b)  -> (artifact id: 'f8d4c714ba733ef3e9662607310307fa') in 0.011682 seconds 
========================================================================
Received Import Request.
  Time since last request: 23.058503 seconds.
  path: Assets/Scenes/Explan.unity
  artifactKey: Guid(233e2f2be06ded74fb7910c0cad5c505) Importer(815301076,1909f56bfc062723c751e8b465ee728b)
Start importing Assets/Scenes/Explan.unity using Guid(233e2f2be06ded74fb7910c0cad5c505) Importer(815301076,1909f56bfc062723c751e8b465ee728b)  -> (artifact id: '0d73b8a7d7332e128ee93eb3e2167ff7') in 0.004410 seconds 
========================================================================
Received Import Request.
  Time since last request: 147.801124 seconds.
  path: Assets/Scripts
  artifactKey: Guid(f8c98395320b96444b28b228ce5a57b9) Importer(815301076,1909f56bfc062723c751e8b465ee728b)
Start importing Assets/Scripts using Guid(f8c98395320b96444b28b228ce5a57b9) Importer(815301076,1909f56bfc062723c751e8b465ee728b)  -> (artifact id: '4710d5561f964fd134043a2fa7e8a987') in 0.004971 seconds 
========================================================================
Received Import Request.
  Time since last request: 171.727118 seconds.
  path: Packages/com.unity.2d.common/package.json
  artifactKey: Guid(68f1917ec3cac45b080c26153375c2bb) Importer(815301076,1909f56bfc062723c751e8b465ee728b)
Start importing Packages/com.unity.2d.common/package.json using Guid(68f1917ec3cac45b080c26153375c2bb) Importer(815301076,1909f56bfc062723c751e8b465ee728b)  -> (artifact id: 'c754da8ecee7156dc9b52340b2b60383') in 0.015816 seconds 
========================================================================
Received Import Request.
  Time since last request: 49.104472 seconds.
  path: Assets/Images/チャリチャリ_サムネ＋アイコン.jpg
  artifactKey: Guid(5a2e6d75f4ac48642b8f2016bb14c53e) Importer(815301076,1909f56bfc062723c751e8b465ee728b)
Start importing Assets/Images/チャリチャリ_サムネ＋アイコン.jpg using Guid(5a2e6d75f4ac48642b8f2016bb14c53e) Importer(815301076,1909f56bfc062723c751e8b465ee728b)  -> (artifact id: 'cfec27ee0408e754a2f66b1e4b692748') in 0.166707 seconds 
========================================================================
Received Prepare
Registering precompiled user dll's ...
Registered in 0.008968 seconds.
Begin MonoManager ReloadAssembly
Symbol file LoadedFromMemory doesn't match image C:\Users\katsu\OneDrive\ドキュメント\GitHub\ChariChari\Library\PackageCache\com.unity.visualscripting@1.7.6\Editor\VisualScripting.Core\Dependencies\YamlDotNet\Unity.VisualScripting.YamlDotNet.dll
Symbol file LoadedFromMemory is not a mono symbol file
Symbol file LoadedFromMemory doesn't match image C:\Users\katsu\OneDrive\ドキュメント\GitHub\ChariChari\Library\PackageCache\com.unity.visualscripting@1.7.6\Editor\VisualScripting.Core\Dependencies\DotNetZip\Unity.VisualScripting.IonicZip.dll
Native extension for WindowsStandalone target not found
Native extension for Android target not found
Refreshing native plugins compatible for Editor in 0.89 ms, found 4 plugins.
Preloading 0 native plugins for Editor in 0.00 ms.
Mono: successfully reloaded assembly
- Completed reload, in  1.163 seconds
Domain Reload Profiling:
	ReloadAssembly (1164ms)
		BeginReloadAssembly (151ms)
			ExecutionOrderSort (0ms)
			DisableScriptedObjects (7ms)
			BackupInstance (0ms)
			ReleaseScriptingObjects (0ms)
			CreateAndSetChildDomain (39ms)
		EndReloadAssembly (899ms)
			LoadAssemblies (131ms)
			RebuildTransferFunctionScriptingTraits (0ms)
			SetupTypeCache (266ms)
			ReleaseScriptCaches (2ms)
			RebuildScriptCaches (50ms)
			SetupLoadedEditorAssemblies (390ms)
				LogAssemblyErrors (0ms)
				InitializePlatformSupportModulesInManaged (30ms)
				SetLoadedEditorAssemblies (0ms)
				RefreshPlugins (1ms)
				BeforeProcessingInitializeOnLoad (94ms)
				ProcessInitializeOnLoadAttributes (208ms)
				ProcessInitializeOnLoadMethodAttributes (43ms)
				AfterProcessingInitializeOnLoad (14ms)
				EditorAssembliesLoaded (0ms)
			ExecutionOrderSort2 (0ms)
			AwakeInstancesAfterBackupRestoration (13ms)
Platform modules already initialized, skipping
Refreshing native plugins compatible for Editor in 2.77 ms, found 4 plugins.
Preloading 0 native plugins for Editor in 0.00 ms.
Unloading 3931 Unused Serialized files (Serialized files now loaded: 0)
Unloading 34 unused Assets / (0.7 MB). Loaded Objects now: 4403.
Memory consumption went from 158.4 MB to 157.7 MB.
Total: 3.081200 ms (FindLiveObjects: 0.236900 ms CreateObjectMapping: 0.153800 ms MarkObjects: 2.421700 ms  DeleteObjects: 0.268100 ms)

AssetImportParameters requested are different than current active one (requested -> active):
  custom:video-decoder-ogg-theora: a1e56fd34408186e4bbccfd4996cb3dc -> 
  custom:container-muxer-webm: aa71ff27fc2769a1b78a27578f13a17b -> 
  custom:container-demuxer-webm: 4f35f7cbe854078d1ac9338744f61a02 -> 
  custom:video-encoder-webm-vp8: eb34c28f22e8b96e1ab97ce403110664 -> 
  custom:audio-encoder-webm-vorbis: bf7c407c2cedff20999df2af8eb42d56 -> 
  custom:framework-win-MediaFoundation: 216162199b28c13a410421893ffa2e32 -> 
  custom:container-demuxer-ogg: 62fdf1f143b41e24485cea50d1cbac27 -> 
  custom:video-decoder-webm-vp8: 9c59270c3fd7afecdb556c50c9e8de78 -> 
  custom:audio-decoder-ogg-vorbis: bf7c407c2cedff20999df2af8eb42d56 -> 
========================================================================
Received Import Request.
  Time since last request: 1584.700662 seconds.
  path: Assets/Natuki/Script
  artifactKey: Guid(3bd07d4044eb1c44997fe338894c963e) Importer(815301076,1909f56bfc062723c751e8b465ee728b)
Start importing Assets/Natuki/Script using Guid(3bd07d4044eb1c44997fe338894c963e) Importer(815301076,1909f56bfc062723c751e8b465ee728b)  -> (artifact id: '3f441ea3eb37e91499d7782ce01db2db') in 0.017178 seconds 
========================================================================
Received Import Request.
  Time since last request: 3.030919 seconds.
  path: Assets/Natuki/titleScene.unity
  artifactKey: Guid(4bbeb6509bf3d81438655c56e8675303) Importer(815301076,1909f56bfc062723c751e8b465ee728b)
Start importing Assets/Natuki/titleScene.unity using Guid(4bbeb6509bf3d81438655c56e8675303) Importer(815301076,1909f56bfc062723c751e8b465ee728b)  -> (artifact id: 'ed0578ac752dd7cb090adb1e64e70cfc') in 0.004505 seconds 
========================================================================
Received Import Request.
  Time since last request: 1575.841625 seconds.
  path: Assets/Scenes/Explan.unity
  artifactKey: Guid(233e2f2be06ded74fb7910c0cad5c505) Importer(815301076,1909f56bfc062723c751e8b465ee728b)
Start importing Assets/Scenes/Explan.unity using Guid(233e2f2be06ded74fb7910c0cad5c505) Importer(815301076,1909f56bfc062723c751e8b465ee728b)  -> (artifact id: 'ac967c2f582973a871fbd0c0a143235c') in 0.003457 seconds 
========================================================================
Received Import Request.
  Time since last request: 190.593626 seconds.
  path: Assets/Scenes/Explan.unity
  artifactKey: Guid(233e2f2be06ded74fb7910c0cad5c505) Importer(815301076,1909f56bfc062723c751e8b465ee728b)
Start importing Assets/Scenes/Explan.unity using Guid(233e2f2be06ded74fb7910c0cad5c505) Importer(815301076,1909f56bfc062723c751e8b465ee728b)  -> (artifact id: 'a42770ae3f668ec84d96c46da517eb83') in 0.004655 seconds 
========================================================================
Received Import Request.
  Time since last request: 255.957969 seconds.
  path: Assets/Scenes/Explan.unity
  artifactKey: Guid(233e2f2be06ded74fb7910c0cad5c505) Importer(815301076,1909f56bfc062723c751e8b465ee728b)
Start importing Assets/Scenes/Explan.unity using Guid(233e2f2be06ded74fb7910c0cad5c505) Importer(815301076,1909f56bfc062723c751e8b465ee728b)  -> (artifact id: 'd3955cca7c6101aacf61700beeb1e80c') in 0.003419 seconds 
========================================================================
Received Import Request.
  Time since last request: 450.678133 seconds.
  path: Packages/com.unity.2d.sprite/Editor/ObjectMenuCreation/DefaultAssets/Textures/v2/Square.png
  artifactKey: Guid(311925a002f4447b3a28927169b83ea6) Importer(815301076,1909f56bfc062723c751e8b465ee728b)
Start importing Packages/com.unity.2d.sprite/Editor/ObjectMenuCreation/DefaultAssets/Textures/v2/Square.png using Guid(311925a002f4447b3a28927169b83ea6) Importer(815301076,1909f56bfc062723c751e8b465ee728b)  -> (artifact id: 'cdaa3aacc68c4e4e7f8b7bf441d19a76') in 0.074072 seconds 
